{"numFailedTestSuites":0,"numFailedTests":0,"numPassedTestSuites":1,"numPassedTests":1,"numPendingTestSuites":0,"numPendingTests":0,"numRuntimeErrorTestSuites":0,"numTodoTests":0,"numTotalTestSuites":1,"numTotalTests":1,"openHandles":[],"snapshot":{"added":0,"didUpdate":false,"failure":false,"filesAdded":0,"filesRemoved":0,"filesRemovedList":[],"filesUnmatched":0,"filesUpdated":0,"matched":0,"total":0,"unchecked":0,"uncheckedKeysByFile":[],"unmatched":0,"updated":0},"startTime":1771975179235,"success":true,"testResults":[{"assertionResults":[{"ancestorTitles":["TensorEngine"],"duration":3,"failureDetails":[],"failureMessages":[],"fullName":"TensorEngine should be able to initialize","invocations":1,"location":null,"numPassingAsserts":1,"retryReasons":[],"status":"passed","title":"should be able to initialize"}],"endTime":1771975179947,"message":"","name":"/app/src/engine/TensorEngine.test.ts","startTime":1771975179414,"status":"passed","summary":""}],"wasInterrupted":false}
